2024.11.23 15:23:46 INFO  web[][o.s.p.ProcessEntryPoint] Starting Web Server
2024.11.23 15:23:46 INFO  web[][o.s.s.a.TomcatHttpConnectorFactory] Starting Tomcat on port 9000
2024.11.23 15:23:47 INFO  web[][o.s.s.p.LogServerVersion] SonarQube Server / 10.7.0.96327 / 923a7aad28f71dce1686768b3ad7c4b1bb962f8d
2024.11.23 15:23:47 INFO  web[][o.s.d.DefaultDatabase] Create JDBC data source for jdbc:postgresql://db:5432/sonar
2024.11.23 15:23:47 INFO  web[][c.z.h.HikariDataSource] HikariPool-1 - Starting...
2024.11.23 15:23:48 INFO  web[][c.z.h.p.HikariPool] HikariPool-1 - Added connection org.postgresql.jdbc.PgConnection@37095ded
2024.11.23 15:23:48 INFO  web[][c.z.h.HikariDataSource] HikariPool-1 - Start completed.
2024.11.23 15:23:49 INFO  web[][o.s.s.p.ServerFileSystemImpl] SonarQube home: /opt/sonarqube
2024.11.23 15:23:49 INFO  web[][o.s.s.u.SystemPasscodeImpl] System authentication by passcode is disabled
2024.11.23 15:23:49 INFO  web[][o.s.s.p.d.m.h.MigrationHistoryTableImpl] Creating table schema_migrations
2024.11.23 15:23:49 INFO  web[][o.s.s.p.ServerPluginManager] Deploy C# Code Quality and Security / 9.32.0.97167 / cc0ba76c09677fe094621d35ab0c408bd1215aaa
2024.11.23 15:23:49 INFO  web[][o.s.s.p.ServerPluginManager] Deploy Clean as You Code / 2.4.0.2018 / c2f7910f6ecac6faa73001eeac4bd79a2db98cd3
2024.11.23 15:23:49 INFO  web[][o.s.s.p.ServerPluginManager] Deploy Flex Code Quality and Security / 2.12.0.4568 / e8b2821a05db57b79b8ae85e3db1571f5b744273
2024.11.23 15:23:49 INFO  web[][o.s.s.p.ServerPluginManager] Deploy Go Code Quality and Security / 1.17.1.145 / 9361aec32c690949f436d992e2cdab0c8474faa1
2024.11.23 15:23:49 INFO  web[][o.s.s.p.ServerPluginManager] Deploy HTML Code Quality and Security / 3.16.0.5274 / 423029a90fcbbd65b86d3b4e9c3e4bc686449a75
2024.11.23 15:23:49 INFO  web[][o.s.s.p.ServerPluginManager] Deploy IaC Code Quality and Security / 1.36.0.12431 / null
2024.11.23 15:23:49 INFO  web[][o.s.s.p.ServerPluginManager] Deploy JaCoCo / 1.3.0.1538 / 74a7798c7cea687c72ed9df40c93eb7ea2a58c49
2024.11.23 15:23:49 INFO  web[][o.s.s.p.ServerPluginManager] Deploy Java Advanced Code Quality Analyzer / 8.2.0.36672 / 62f908723e8d3d071378116ab09b075933d8bf63
2024.11.23 15:23:49 INFO  web[][o.s.s.p.ServerPluginManager] Deploy Java Code Quality and Security / 8.2.0.36672 / 62f908723e8d3d071378116ab09b075933d8bf63
2024.11.23 15:23:49 INFO  web[][o.s.s.p.ServerPluginManager] Deploy JavaScript/TypeScript/CSS Code Quality and Security / 10.16.0.27621 / 49be78091aeac33f18bf0d8a0a88ec58b437cba8
2024.11.23 15:23:49 INFO  web[][o.s.s.p.ServerPluginManager] Deploy Kotlin Code Quality and Security / 2.20.0.4382 / eb22cc4ed915de84e358135dd3f2ea2080de1441
2024.11.23 15:23:49 INFO  web[][o.s.s.p.ServerPluginManager] Deploy PHP Code Quality and Security / 3.38.0.12239 / 279677ad6708471575fb0b54b43d16084903bdf2
2024.11.23 15:23:49 INFO  web[][o.s.s.p.ServerPluginManager] Deploy Python Code Quality and Security / 4.22.0.16914 / 9e24dce6ea3e7b10fc2cf3942dc0a921049c5355
2024.11.23 15:23:49 INFO  web[][o.s.s.p.ServerPluginManager] Deploy Ruby Code Quality and Security / 1.17.1.134 / d58bcbdc7aae6e6d287f2b41972c5a1bba078a83
2024.11.23 15:23:49 INFO  web[][o.s.s.p.ServerPluginManager] Deploy Scala Code Quality and Security / 1.17.1.166 / 6153bdc7bf9bce07f2ac71be3aee633b9fd0bcb9
2024.11.23 15:23:49 INFO  web[][o.s.s.p.ServerPluginManager] Deploy Text Code Quality and Security / 2.16.0.4008 / null
2024.11.23 15:23:49 INFO  web[][o.s.s.p.ServerPluginManager] Deploy VB.NET Code Quality and Security / 9.32.0.97167 / cc0ba76c09677fe094621d35ab0c408bd1215aaa
2024.11.23 15:23:49 INFO  web[][o.s.s.p.ServerPluginManager] Deploy XML Code Quality and Security / 2.10.0.4108 / 34b16ba369117f6befc0b1e0866a069a80f6db2e
2024.11.23 15:23:52 INFO  web[][o.s.s.p.d.m.c.PostgresCharsetHandler] Verify that database charset supports UTF8
2024.11.23 15:23:53 INFO  web[][o.s.s.e.EsClientProvider] Connected to local Elasticsearch: [http://localhost:9001]
2024.11.23 15:23:53 INFO  web[][o.s.s.p.d.m.AutoDbMigration] Automatically perform DB migration on fresh install
2024.11.23 15:23:53 INFO  web[][DbMigrations] Executing 148 DB migrations...
2024.11.23 15:23:53 INFO  web[][DbMigrations] 1/148 #1 'Create initial schema'...
2024.11.23 15:23:55 INFO  web[][DbMigrations] 1/148 #1 'Create initial schema': success | time=1684ms
2024.11.23 15:23:55 INFO  web[][DbMigrations] 2/148 #2 'Populate initial schema'...
2024.11.23 15:23:55 INFO  web[][DbMigrations] 2/148 #2 'Populate initial schema': success | time=276ms
2024.11.23 15:23:55 INFO  web[][DbMigrations] 3/148 #100000 'Remove orphan rules in Quality Profiles'...
2024.11.23 15:23:55 INFO  web[][o.s.s.p.d.m.s.MassUpdate] 0 rows processed (0 items/sec)
2024.11.23 15:23:55 INFO  web[][DbMigrations] 3/148 #100000 'Remove orphan rules in Quality Profiles': success | time=12ms
2024.11.23 15:23:55 INFO  web[][DbMigrations] 4/148 #100001 'Drop index 'projects_module_uuid' in the 'Components' table'...
2024.11.23 15:23:55 INFO  web[][DbMigrations] 4/148 #100001 'Drop index 'projects_module_uuid' in the 'Components' table': success | time=87ms
2024.11.23 15:23:55 INFO  web[][DbMigrations] 5/148 #100002 'Drop column 'module_uuid' in the 'Components' table'...
2024.11.23 15:23:55 INFO  web[][DbMigrations] 5/148 #100002 'Drop column 'module_uuid' in the 'Components' table': success | time=58ms
2024.11.23 15:23:55 INFO  web[][DbMigrations] 6/148 #100003 'Drop column 'module_uuid_path' in the 'Components' table'...
2024.11.23 15:23:55 INFO  web[][DbMigrations] 6/148 #100003 'Drop column 'module_uuid_path' in the 'Components' table': success | time=5ms
2024.11.23 15:23:55 INFO  web[][DbMigrations] 7/148 #100004 'Drop column 'b_module_uuid' in the 'Components' table'...
2024.11.23 15:23:55 INFO  web[][DbMigrations] 7/148 #100004 'Drop column 'b_module_uuid' in the 'Components' table': success | time=6ms
2024.11.23 15:23:55 INFO  web[][DbMigrations] 8/148 #100005 'Drop column 'b_module_uuid_path' in the 'Components' table'...
2024.11.23 15:23:55 INFO  web[][DbMigrations] 8/148 #100005 'Drop column 'b_module_uuid_path' in the 'Components' table': success | time=5ms
2024.11.23 15:23:55 INFO  web[][DbMigrations] 9/148 #100006 'Drop index 'projects_root_uuid' in the 'Components' table'...
2024.11.23 15:23:55 INFO  web[][DbMigrations] 9/148 #100006 'Drop index 'projects_root_uuid' in the 'Components' table': success | time=8ms
2024.11.23 15:23:55 INFO  web[][DbMigrations] 10/148 #100007 'Drop column 'root_uuid' in the 'Components' table'...
2024.11.23 15:23:55 INFO  web[][DbMigrations] 10/148 #100007 'Drop column 'root_uuid' in the 'Components' table': success | time=7ms
2024.11.23 15:23:55 INFO  web[][DbMigrations] 11/148 #100008 'Update value of 'user_local' in the 'users' table'...
2024.11.23 15:23:55 INFO  web[][o.s.s.p.d.m.s.MassUpdate] 0 rows processed (0 items/sec)
2024.11.23 15:23:55 INFO  web[][DbMigrations] 11/148 #100008 'Update value of 'user_local' in the 'users' table': success | time=4ms
2024.11.23 15:23:55 INFO  web[][DbMigrations] 12/148 #100009 'Make column 'user_local' not nullable in the 'users' table'...
2024.11.23 15:23:55 INFO  web[][DbMigrations] 12/148 #100009 'Make column 'user_local' not nullable in the 'users' table': success | time=4ms
2024.11.23 15:23:55 INFO  web[][DbMigrations] 13/148 #100010 'Create 'scim_groups' table'...
2024.11.23 15:23:55 INFO  web[][DbMigrations] 13/148 #100010 'Create 'scim_groups' table': success | time=12ms
2024.11.23 15:23:55 INFO  web[][DbMigrations] 14/148 #100011 'Create unique index on scim_groups.group_uuid'...
2024.11.23 15:23:55 INFO  web[][DbMigrations] 14/148 #100011 'Create unique index on scim_groups.group_uuid': success | time=10ms
2024.11.23 15:23:55 INFO  web[][DbMigrations] 15/148 #100012 'Log a warning message if 'sonar.scim.enabled' is used'...
2024.11.23 15:23:55 INFO  web[][DbMigrations] 15/148 #100012 'Log a warning message if 'sonar.scim.enabled' is used': success | time=17ms
2024.11.23 15:23:55 INFO  web[][DbMigrations] 16/148 #100013 'Drop 'sonar.scim.enabled' property'...
2024.11.23 15:23:55 INFO  web[][DbMigrations] 16/148 #100013 'Drop 'sonar.scim.enabled' property': success | time=2ms
2024.11.23 15:23:55 INFO  web[][DbMigrations] 17/148 #100014 'Drop any SCIM User provisioning, turning all users local'...
2024.11.23 15:23:55 INFO  web[][DbMigrations] 17/148 #100014 'Drop any SCIM User provisioning, turning all users local': success | time=6ms
2024.11.23 15:23:55 INFO  web[][DbMigrations] 18/148 #100015 'Add ncloc to 'Projects' table'...
2024.11.23 15:23:55 INFO  web[][DbMigrations] 18/148 #100015 'Add ncloc to 'Projects' table': success | time=7ms
2024.11.23 15:23:55 INFO  web[][DbMigrations] 19/148 #100016 'Populate ncloc in 'Projects' table'...
2024.11.23 15:23:55 INFO  web[][o.s.s.p.d.m.s.MassUpdate] 0 rows processed (0 items/sec)
2024.11.23 15:23:55 INFO  web[][DbMigrations] 19/148 #100016 'Populate ncloc in 'Projects' table': success | time=26ms
2024.11.23 15:23:55 INFO  web[][DbMigrations] 20/148 #101000 'Add 'scm_accounts' table'...
2024.11.23 15:23:55 INFO  web[][DbMigrations] 20/148 #101000 'Add 'scm_accounts' table': success | time=19ms
2024.11.23 15:23:55 INFO  web[][DbMigrations] 21/148 #101001 'Migrate scm accounts from 'users' to 'scm_accounts' table'...
2024.11.23 15:23:55 INFO  web[][o.s.s.p.d.m.s.MassRowSplitter] 1 rows processed (0 items/sec)
2024.11.23 15:23:55 INFO  web[][DbMigrations] 21/148 #101001 'Migrate scm accounts from 'users' to 'scm_accounts' table': success | time=27ms
2024.11.23 15:23:55 INFO  web[][DbMigrations] 22/148 #101002 'Add index on 'scm_accounts.scm_account''...
2024.11.23 15:23:55 INFO  web[][DbMigrations] 22/148 #101002 'Add index on 'scm_accounts.scm_account'': success | time=13ms
2024.11.23 15:23:55 INFO  web[][DbMigrations] 23/148 #101003 'Add index on 'users.email''...
2024.11.23 15:23:55 INFO  web[][DbMigrations] 23/148 #101003 'Add index on 'users.email'': success | time=14ms
2024.11.23 15:23:55 INFO  web[][DbMigrations] 24/148 #101004 'Drop 'scm_accounts' column in 'users' table'...
2024.11.23 15:23:55 INFO  web[][DbMigrations] 24/148 #101004 'Drop 'scm_accounts' column in 'users' table': success | time=6ms
2024.11.23 15:23:55 INFO  web[][DbMigrations] 25/148 #101005 'Add column 'is_main' to 'project_branches' table'...
2024.11.23 15:23:55 INFO  web[][DbMigrations] 25/148 #101005 'Add column 'is_main' to 'project_branches' table': success | time=8ms
2024.11.23 15:23:55 INFO  web[][DbMigrations] 26/148 #101006 'Update value of 'is_main' in 'project_branches' table'...
2024.11.23 15:23:55 INFO  web[][o.s.s.p.d.m.s.MassUpdate] 0 rows processed (0 items/sec)
2024.11.23 15:23:55 INFO  web[][DbMigrations] 26/148 #101006 'Update value of 'is_main' in 'project_branches' table': success | time=4ms
2024.11.23 15:23:55 INFO  web[][DbMigrations] 27/148 #101007 'Alter column 'is_main' in 'project_branches' table - make it not nullable'...
2024.11.23 15:23:55 INFO  web[][DbMigrations] 27/148 #101007 'Alter column 'is_main' in 'project_branches' table - make it not nullable': success | time=5ms
2024.11.23 15:23:55 INFO  web[][DbMigrations] 28/148 #101008 'Increase size of 'internal_properties.kee' from 20 to 40 characters'...
2024.11.23 15:23:55 INFO  web[][DbMigrations] 28/148 #101008 'Increase size of 'internal_properties.kee' from 20 to 40 characters': success | time=4ms
2024.11.23 15:23:55 INFO  web[][DbMigrations] 29/148 #101009 'Create column 'project_uuid' in 'user_tokens'...
2024.11.23 15:23:55 INFO  web[][DbMigrations] 29/148 #101009 'Create column 'project_uuid' in 'user_tokens': success | time=9ms
2024.11.23 15:23:55 INFO  web[][DbMigrations] 30/148 #101010 'Remove user tokens linked to unexistent project'...
2024.11.23 15:23:55 INFO  web[][o.s.s.p.d.m.s.MassUpdate] 0 rows processed (0 items/sec)
2024.11.23 15:23:55 INFO  web[][DbMigrations] 30/148 #101010 'Remove user tokens linked to unexistent project': success | time=8ms
2024.11.23 15:23:55 INFO  web[][DbMigrations] 31/148 #101011 'Populate 'project_key' in 'user_tokens''...
2024.11.23 15:23:55 INFO  web[][o.s.s.p.d.m.s.MassUpdate] 0 rows processed (0 items/sec)
2024.11.23 15:23:55 INFO  web[][DbMigrations] 31/148 #101011 'Populate 'project_key' in 'user_tokens'': success | time=5ms
2024.11.23 15:23:55 INFO  web[][DbMigrations] 32/148 #101012 'Drop column 'project_key' in 'user_tokens'...
2024.11.23 15:23:55 INFO  web[][DbMigrations] 32/148 #101012 'Drop column 'project_key' in 'user_tokens': success | time=6ms
2024.11.23 15:23:55 INFO  web[][DbMigrations] 33/148 #101013 'Increase size of 'ce_queue.task_type' from 15 to 40 characters'...
2024.11.23 15:23:55 INFO  web[][DbMigrations] 33/148 #101013 'Increase size of 'ce_queue.task_type' from 15 to 40 characters': success | time=4ms
2024.11.23 15:23:55 INFO  web[][DbMigrations] 34/148 #101014 'Increase size of 'ce_activity.task_type' from 15 to 40 characters'...
2024.11.23 15:23:55 INFO  web[][DbMigrations] 34/148 #101014 'Increase size of 'ce_activity.task_type' from 15 to 40 characters': success | time=3ms
2024.11.23 15:23:55 INFO  web[][DbMigrations] 35/148 #101015 'Add 'external_groups' table.'...
2024.11.23 15:23:55 INFO  web[][DbMigrations] 35/148 #101015 'Add 'external_groups' table.': success | time=13ms
2024.11.23 15:23:55 INFO  web[][DbMigrations] 36/148 #101016 'Add index on 'external_groups(external_identity_provider, external_id).'...
2024.11.23 15:23:55 INFO  web[][DbMigrations] 36/148 #101016 'Add index on 'external_groups(external_identity_provider, external_id).': success | time=17ms
2024.11.23 15:23:55 INFO  web[][DbMigrations] 37/148 #101017 'Add 'code_variants' column in 'issues' table'...
2024.11.23 15:23:55 INFO  web[][DbMigrations] 37/148 #101017 'Add 'code_variants' column in 'issues' table': success | time=10ms
2024.11.23 15:23:55 INFO  web[][DbMigrations] 38/148 #101018 'Fix different uuids for subportfolios'...
2024.11.23 15:23:55 INFO  web[][o.s.s.p.d.m.s.MassUpdate] 0 rows processed (0 items/sec)
2024.11.23 15:23:55 INFO  web[][DbMigrations] 38/148 #101018 'Fix different uuids for subportfolios': success | time=10ms
2024.11.23 15:23:55 INFO  web[][DbMigrations] 39/148 #101019 'Add report_schedules table'...
2024.11.23 15:23:55 INFO  web[][DbMigrations] 39/148 #101019 'Add report_schedules table': success | time=12ms
2024.11.23 15:23:55 INFO  web[][DbMigrations] 40/148 #101020 'Add report_subscriptions table'...
2024.11.23 15:23:55 INFO  web[][DbMigrations] 40/148 #101020 'Add report_subscriptions table': success | time=12ms
2024.11.23 15:23:55 INFO  web[][DbMigrations] 41/148 #101021 'Add report_schedules unique index'...
2024.11.23 15:23:55 INFO  web[][DbMigrations] 41/148 #101021 'Add report_schedules unique index': success | time=10ms
2024.11.23 15:23:55 INFO  web[][DbMigrations] 42/148 #101022 'Add report_subscriptions unique index'...
2024.11.23 15:23:55 INFO  web[][DbMigrations] 42/148 #101022 'Add report_subscriptions unique index': success | time=10ms
2024.11.23 15:23:55 INFO  web[][DbMigrations] 43/148 #101023 'Rename column 'component_uuid' to 'entity_uuid' in the 'properties' table'...
2024.11.23 15:23:55 INFO  web[][DbMigrations] 43/148 #101023 'Rename column 'component_uuid' to 'entity_uuid' in the 'properties' table': success | time=9ms
2024.11.23 15:23:55 INFO  web[][DbMigrations] 44/148 #101024 'Populate report_schedules table'...
2024.11.23 15:23:55 INFO  web[][o.s.s.p.d.m.s.MassUpdate] 0 rows processed (0 items/sec)
2024.11.23 15:23:55 INFO  web[][DbMigrations] 44/148 #101024 'Populate report_schedules table': success | time=7ms
2024.11.23 15:23:55 INFO  web[][DbMigrations] 45/148 #101025 'Populate report_subscriptions table'...
2024.11.23 15:23:55 INFO  web[][o.s.s.p.d.m.s.MassUpdate] 0 rows processed (0 items/sec)
2024.11.23 15:23:55 INFO  web[][DbMigrations] 45/148 #101025 'Populate report_subscriptions table': success | time=5ms
2024.11.23 15:23:55 INFO  web[][DbMigrations] 46/148 #101026 'Remove report properties'...
2024.11.23 15:23:55 INFO  web[][o.s.s.p.d.m.s.MassUpdate] 0 rows processed (0 items/sec)
2024.11.23 15:23:55 INFO  web[][DbMigrations] 46/148 #101026 'Remove report properties': success | time=4ms
2024.11.23 15:23:55 INFO  web[][DbMigrations] 47/148 #102000 'Rename 'component_uuid' in 'user_roles' table to 'entity_uuid''...
2024.11.23 15:23:55 INFO  web[][DbMigrations] 47/148 #102000 'Rename 'component_uuid' in 'user_roles' table to 'entity_uuid'': success | time=9ms
2024.11.23 15:23:55 INFO  web[][DbMigrations] 48/148 #102001 'Rename 'component_uuid' in 'group_roles' table to 'entity_uuid''...
2024.11.23 15:23:55 INFO  web[][DbMigrations] 48/148 #102001 'Rename 'component_uuid' in 'group_roles' table to 'entity_uuid'': success | time=8ms
2024.11.23 15:23:55 INFO  web[][DbMigrations] 49/148 #102002 'Drop index 'group_roles_component_uuid' in 'group_roles''...
2024.11.23 15:23:56 INFO  web[][DbMigrations] 49/148 #102002 'Drop index 'group_roles_component_uuid' in 'group_roles'': success | time=13ms
2024.11.23 15:23:56 INFO  web[][DbMigrations] 50/148 #102003 'Create index 'entity_uuid_user_roles' in 'group_roles' table'...
2024.11.23 15:23:56 INFO  web[][DbMigrations] 50/148 #102003 'Create index 'entity_uuid_user_roles' in 'group_roles' table': success | time=12ms
2024.11.23 15:23:56 INFO  web[][DbMigrations] 51/148 #102004 'Drop index 'user_roles_component_uuid' in 'user_roles' table'...
2024.11.23 15:23:56 INFO  web[][DbMigrations] 51/148 #102004 'Drop index 'user_roles_component_uuid' in 'user_roles' table': success | time=6ms
2024.11.23 15:23:56 INFO  web[][DbMigrations] 52/148 #102005 'Create index 'user_roles_entity_uuid' in 'user_roles''...
2024.11.23 15:23:56 INFO  web[][DbMigrations] 52/148 #102005 'Create index 'user_roles_entity_uuid' in 'user_roles'': success | time=10ms
2024.11.23 15:23:56 INFO  web[][DbMigrations] 53/148 #102006 'Drop index 'ce_activity_component' in 'ce_activity''...
2024.11.23 15:23:56 INFO  web[][DbMigrations] 53/148 #102006 'Drop index 'ce_activity_component' in 'ce_activity'': success | time=6ms
2024.11.23 15:23:56 INFO  web[][DbMigrations] 54/148 #102007 'Rename 'main_component_uuid' in 'ce_activity' table to 'entity_uuid''...
2024.11.23 15:23:56 INFO  web[][DbMigrations] 54/148 #102007 'Rename 'main_component_uuid' in 'ce_activity' table to 'entity_uuid'': success | time=8ms
2024.11.23 15:23:56 INFO  web[][DbMigrations] 55/148 #102008 'Create index 'ce_activity_entity_uuid' in 'ce_activity' table''...
2024.11.23 15:23:56 INFO  web[][DbMigrations] 55/148 #102008 'Create index 'ce_activity_entity_uuid' in 'ce_activity' table'': success | time=11ms
2024.11.23 15:23:56 INFO  web[][DbMigrations] 56/148 #102009 'Drop index 'ce_queue_main_component' in 'ce_queue' table'...
2024.11.23 15:23:56 INFO  web[][DbMigrations] 56/148 #102009 'Drop index 'ce_queue_main_component' in 'ce_queue' table': success | time=6ms
2024.11.23 15:23:56 INFO  web[][DbMigrations] 57/148 #102010 'Rename 'main_component_uuid' in 'ce_queue' table to 'entity_uuid''...
2024.11.23 15:23:56 INFO  web[][DbMigrations] 57/148 #102010 'Rename 'main_component_uuid' in 'ce_queue' table to 'entity_uuid'': success | time=8ms
2024.11.23 15:23:56 INFO  web[][DbMigrations] 58/148 #102011 'Create index 'ce_queue_entity_uuid' in 'ce_queue' table'...
2024.11.23 15:23:56 INFO  web[][DbMigrations] 58/148 #102011 'Create index 'ce_queue_entity_uuid' in 'ce_queue' table': success | time=10ms
2024.11.23 15:23:56 INFO  web[][DbMigrations] 59/148 #102012 'Drop 'project_mappings' table'...
2024.11.23 15:23:56 INFO  web[][DbMigrations] 59/148 #102012 'Drop 'project_mappings' table': success | time=16ms
2024.11.23 15:23:56 INFO  web[][DbMigrations] 60/148 #102013 'Drop index on 'components.main_branch_project_uuid'...
2024.11.23 15:23:56 INFO  web[][DbMigrations] 60/148 #102013 'Drop index on 'components.main_branch_project_uuid': success | time=7ms
2024.11.23 15:23:56 INFO  web[][DbMigrations] 61/148 #102014 'Drop column 'main_branch_project_uuid' in the components table'...
2024.11.23 15:23:56 INFO  web[][DbMigrations] 61/148 #102014 'Drop column 'main_branch_project_uuid' in the components table': success | time=4ms
2024.11.23 15:23:56 INFO  web[][DbMigrations] 62/148 #102015 'Drop index 'component_uuid' in 'webhook_deliveries' table'...
2024.11.23 15:23:56 INFO  web[][DbMigrations] 62/148 #102015 'Drop index 'component_uuid' in 'webhook_deliveries' table': success | time=6ms
2024.11.23 15:23:56 INFO  web[][DbMigrations] 63/148 #102016 'Rename 'component_uuid' in 'webhook_deliveries' table to 'project_uuid''...
2024.11.23 15:23:56 INFO  web[][DbMigrations] 63/148 #102016 'Rename 'component_uuid' in 'webhook_deliveries' table to 'project_uuid'': success | time=8ms
2024.11.23 15:23:56 INFO  web[][DbMigrations] 64/148 #102018 'Drop index 'component_uuid' in 'snapshots' table'...
2024.11.23 15:23:56 INFO  web[][DbMigrations] 64/148 #102018 'Drop index 'component_uuid' in 'snapshots' table': success | time=6ms
2024.11.23 15:23:56 INFO  web[][DbMigrations] 65/148 #102019 'Rename 'component_uuid' in 'snapshots' table to 'root_component_uuid''...
2024.11.23 15:23:56 INFO  web[][DbMigrations] 65/148 #102019 'Rename 'component_uuid' in 'snapshots' table to 'root_component_uuid'': success | time=8ms
2024.11.23 15:23:56 INFO  web[][DbMigrations] 66/148 #102020 'Create index 'snapshots_root_component_uuid' in 'snapshots' table'...
2024.11.23 15:23:56 INFO  web[][DbMigrations] 66/148 #102020 'Create index 'snapshots_root_component_uuid' in 'snapshots' table': success | time=11ms
2024.11.23 15:23:56 INFO  web[][DbMigrations] 67/148 #102021 'Create 'purged' column in 'snapshots' table'...
2024.11.23 15:23:56 INFO  web[][DbMigrations] 67/148 #102021 'Create 'purged' column in 'snapshots' table': success | time=7ms
2024.11.23 15:23:56 INFO  web[][DbMigrations] 68/148 #102022 'Populate 'purged' column in 'snapshots' table'...
2024.11.23 15:23:56 INFO  web[][o.s.s.p.d.m.s.MassUpdate] 0 rows processed (0 items/sec)
2024.11.23 15:23:56 INFO  web[][DbMigrations] 68/148 #102022 'Populate 'purged' column in 'snapshots' table': success | time=9ms
2024.11.23 15:23:56 INFO  web[][DbMigrations] 69/148 #102023 'Make 'purged' column not nullable in 'snapshots' table'...
2024.11.23 15:23:56 INFO  web[][DbMigrations] 69/148 #102023 'Make 'purged' column not nullable in 'snapshots' table': success | time=4ms
2024.11.23 15:23:56 INFO  web[][DbMigrations] 70/148 #102024 'Drop 'purge_status' column in 'snapshots' table'...
2024.11.23 15:23:56 INFO  web[][DbMigrations] 70/148 #102024 'Drop 'purge_status' column in 'snapshots' table': success | time=4ms
2024.11.23 15:23:56 INFO  web[][DbMigrations] 71/148 #102025 'Rename 'build_date' in 'snapshots' table to 'analysis_date'...
2024.11.23 15:23:56 INFO  web[][DbMigrations] 71/148 #102025 'Rename 'build_date' in 'snapshots' table to 'analysis_date': success | time=9ms
2024.11.23 15:23:56 INFO  web[][DbMigrations] 72/148 #102030 'Create table 'anticipated_transitions''...
2024.11.23 15:23:56 INFO  web[][DbMigrations] 72/148 #102030 'Create table 'anticipated_transitions'': success | time=19ms
2024.11.23 15:23:56 INFO  web[][DbMigrations] 73/148 #102031 'Increase size of 'ce_queue.is_last_key' from 55 to 80 characters'...
2024.11.23 15:23:56 INFO  web[][DbMigrations] 73/148 #102031 'Increase size of 'ce_queue.is_last_key' from 55 to 80 characters': success | time=3ms
2024.11.23 15:23:56 INFO  web[][DbMigrations] 74/148 #102032 'Increase size of 'ce_queue.main_is_last_key' from 55 to 80 characters'...
2024.11.23 15:23:56 INFO  web[][DbMigrations] 74/148 #102032 'Increase size of 'ce_queue.main_is_last_key' from 55 to 80 characters': success | time=3ms
2024.11.23 15:23:56 INFO  web[][DbMigrations] 75/148 #102033 'Add column 'clean_code_attribute' in 'rules' table'...
2024.11.23 15:23:56 INFO  web[][DbMigrations] 75/148 #102033 'Add column 'clean_code_attribute' in 'rules' table': success | time=8ms
2024.11.23 15:23:56 INFO  web[][DbMigrations] 76/148 #102034 'Populate 'clean_code_attribute' column in 'rules' table'...
2024.11.23 15:23:56 INFO  web[][o.s.s.p.d.m.s.MassUpdate] 0 rows processed (0 items/sec)
2024.11.23 15:23:56 INFO  web[][DbMigrations] 76/148 #102034 'Populate 'clean_code_attribute' column in 'rules' table': success | time=4ms
2024.11.23 15:23:56 INFO  web[][DbMigrations] 77/148 #102036 'Create 'rules_default_impacts' table'...
2024.11.23 15:23:56 INFO  web[][DbMigrations] 77/148 #102036 'Create 'rules_default_impacts' table': success | time=12ms
2024.11.23 15:23:56 INFO  web[][DbMigrations] 78/148 #102037 'Create unique constraint index on 'rules_default_impacts' table'...
2024.11.23 15:23:56 INFO  web[][DbMigrations] 78/148 #102037 'Create unique constraint index on 'rules_default_impacts' table': success | time=11ms
2024.11.23 15:23:56 INFO  web[][DbMigrations] 79/148 #102038 'Create 'issues_impacts' table'...
2024.11.23 15:23:56 INFO  web[][DbMigrations] 79/148 #102038 'Create 'issues_impacts' table': success | time=12ms
2024.11.23 15:23:56 INFO  web[][DbMigrations] 80/148 #102039 'Create unique constraint index on 'issues_impacts' table'...
2024.11.23 15:23:56 INFO  web[][DbMigrations] 80/148 #102039 'Create unique constraint index on 'issues_impacts' table': success | time=10ms
2024.11.23 15:23:56 INFO  web[][DbMigrations] 81/148 #102040 'Populate default impacts for existing rules'...
2024.11.23 15:23:56 INFO  web[][o.s.s.p.d.m.s.MassUpdate] 0 rows processed (0 items/sec)
2024.11.23 15:23:56 INFO  web[][DbMigrations] 81/148 #102040 'Populate default impacts for existing rules': success | time=7ms
2024.11.23 15:23:56 INFO  web[][DbMigrations] 82/148 #102041 'Fix sqale_index metric description in 'metrics' table'...
2024.11.23 15:23:56 INFO  web[][DbMigrations] 82/148 #102041 'Fix sqale_index metric description in 'metrics' table': success | time=3ms
2024.11.23 15:23:56 INFO  web[][DbMigrations] 83/148 #102042 'Create table 'github_orgs_groups''...
2024.11.23 15:23:56 INFO  web[][DbMigrations] 83/148 #102042 'Create table 'github_orgs_groups'': success | time=13ms
2024.11.23 15:23:56 INFO  web[][DbMigrations] 84/148 #102043 'Create 'previous_non_compliant_value' in 'new_code_periods' table'...
2024.11.23 15:23:56 INFO  web[][DbMigrations] 84/148 #102043 'Create 'previous_non_compliant_value' in 'new_code_periods' table': success | time=15ms
2024.11.23 15:23:56 INFO  web[][DbMigrations] 85/148 #102044 'Update column 'value' and populate column 'previous_non_compliant_value' in 'new_code_periods' table'...
2024.11.23 15:23:56 INFO  web[][o.s.s.p.d.m.s.MassUpdate] 0 rows processed (0 items/sec)
2024.11.23 15:23:56 INFO  web[][DbMigrations] 85/148 #102044 'Update column 'value' and populate column 'previous_non_compliant_value' in 'new_code_periods' table': success | time=10ms
2024.11.23 15:23:56 INFO  web[][DbMigrations] 86/148 #102045 'Alter 'project_uuid' in 'user_dismissed_messages' - make it nullable'...
2024.11.23 15:23:56 INFO  web[][DbMigrations] 86/148 #102045 'Alter 'project_uuid' in 'user_dismissed_messages' - make it nullable': success | time=5ms
2024.11.23 15:23:56 INFO  web[][DbMigrations] 87/148 #102046 'Create index 'project_branches_project_uuid' in 'project_branches' table'...
2024.11.23 15:23:56 INFO  web[][DbMigrations] 87/148 #102046 'Create index 'project_branches_project_uuid' in 'project_branches' table': success | time=12ms
2024.11.23 15:23:56 INFO  web[][DbMigrations] 88/148 #102047 'Drop index 'idx_wbhk_dlvrs_wbhk_uuid' in 'webhook_deliveries''...
2024.11.23 15:23:56 INFO  web[][DbMigrations] 88/148 #102047 'Drop index 'idx_wbhk_dlvrs_wbhk_uuid' in 'webhook_deliveries'': success | time=7ms
2024.11.23 15:23:56 INFO  web[][DbMigrations] 89/148 #102048 'Create index 'wb_webhook_uuid_created_at' in 'webhook_deliveries''...
2024.11.23 15:23:56 INFO  web[][DbMigrations] 89/148 #102048 'Create index 'wb_webhook_uuid_created_at' in 'webhook_deliveries'': success | time=11ms
2024.11.23 15:23:56 INFO  web[][DbMigrations] 90/148 #102049 'Drop index 'wd_project_uuid' in 'webhook_deliveries''...
2024.11.23 15:23:56 INFO  web[][DbMigrations] 90/148 #102049 'Drop index 'wd_project_uuid' in 'webhook_deliveries'': success | time=5ms
2024.11.23 15:23:56 INFO  web[][DbMigrations] 91/148 #102050 'Create index 'wd_project_uuid_created_at' in 'webhook_deliveries''...
2024.11.23 15:23:56 INFO  web[][DbMigrations] 91/148 #102050 'Create index 'wd_project_uuid_created_at' in 'webhook_deliveries'': success | time=10ms
2024.11.23 15:23:56 INFO  web[][DbMigrations] 92/148 #102051 'Drop index 'ce_task_uuid' in 'webhook_deliveries''...
2024.11.23 15:23:56 INFO  web[][DbMigrations] 92/148 #102051 'Drop index 'ce_task_uuid' in 'webhook_deliveries'': success | time=7ms
2024.11.23 15:23:56 INFO  web[][DbMigrations] 93/148 #102052 'Create index 'wd_task_uuid_created_at' in 'webhook_deliveries''...
2024.11.23 15:23:56 INFO  web[][DbMigrations] 93/148 #102052 'Create index 'wd_task_uuid_created_at' in 'webhook_deliveries'': success | time=11ms
2024.11.23 15:23:56 INFO  web[][DbMigrations] 94/148 #102053 'Create index 'wd_created_at' in 'webhook_deliveries''...
2024.11.23 15:23:56 INFO  web[][DbMigrations] 94/148 #102053 'Create index 'wd_created_at' in 'webhook_deliveries'': success | time=11ms
2024.11.23 15:23:56 INFO  web[][DbMigrations] 95/148 #102054 'Insert property github.userConsentementForPermissionProvisioningRequired'...
2024.11.23 15:23:56 INFO  web[][DbMigrations] 95/148 #102054 'Insert property github.userConsentementForPermissionProvisioningRequired': success | time=5ms
2024.11.23 15:23:56 INFO  web[][DbMigrations] 96/148 #103000 'Set 'sonar.qualityProfiles.allowDisableInheritedRules' to false for upgraded instances'...
2024.11.23 15:23:56 INFO  web[][DbMigrations] 96/148 #103000 'Set 'sonar.qualityProfiles.allowDisableInheritedRules' to false for upgraded instances': success | time=2ms
2024.11.23 15:23:56 INFO  web[][DbMigrations] 97/148 #103001 'Add table 'github_perms_mapping''...
2024.11.23 15:23:56 INFO  web[][DbMigrations] 97/148 #103001 'Add table 'github_perms_mapping'': success | time=12ms
2024.11.23 15:23:56 INFO  web[][DbMigrations] 98/148 #103002 'Create unique index on 'github_perms_mapping''...
2024.11.23 15:23:56 INFO  web[][DbMigrations] 98/148 #103002 'Create unique index on 'github_perms_mapping'': success | time=11ms
2024.11.23 15:23:56 INFO  web[][DbMigrations] 99/148 #103003 'Add default mappings to 'github_perms_mapping''...
2024.11.23 15:23:56 INFO  web[][DbMigrations] 99/148 #103003 'Add default mappings to 'github_perms_mapping'': success | time=12ms
2024.11.23 15:23:56 INFO  web[][DbMigrations] 100/148 #103004 'Add 'clean_code_attribute' column in 'issues' table'...
2024.11.23 15:23:56 INFO  web[][DbMigrations] 100/148 #103004 'Add 'clean_code_attribute' column in 'issues' table': success | time=8ms
2024.11.23 15:23:56 INFO  web[][DbMigrations] 101/148 #103005 'Add 'creation_method' column in 'projects' table'...
2024.11.23 15:23:56 INFO  web[][DbMigrations] 101/148 #103005 'Add 'creation_method' column in 'projects' table': success | time=6ms
2024.11.23 15:23:56 INFO  web[][DbMigrations] 102/148 #103006 'Populate 'creation_method' column in 'projects' table'...
2024.11.23 15:23:56 INFO  web[][DbMigrations] 102/148 #103006 'Populate 'creation_method' column in 'projects' table': success | time=4ms
2024.11.23 15:23:56 INFO  web[][DbMigrations] 103/148 #103007 'Make 'creation_method' column in 'projects' table non-nullable'...
2024.11.23 15:23:56 INFO  web[][DbMigrations] 103/148 #103007 'Make 'creation_method' column in 'projects' table non-nullable': success | time=4ms
2024.11.23 15:23:56 INFO  web[][DbMigrations] 104/148 #103008 'Add 'rule_changes_uuid' column in 'qprofile_changes''...
2024.11.23 15:23:56 INFO  web[][DbMigrations] 104/148 #103008 'Add 'rule_changes_uuid' column in 'qprofile_changes'': success | time=7ms
2024.11.23 15:23:56 INFO  web[][DbMigrations] 105/148 #103009 'Create table 'rule_changes''...
2024.11.23 15:23:56 INFO  web[][DbMigrations] 105/148 #103009 'Create table 'rule_changes'': success | time=12ms
2024.11.23 15:23:56 INFO  web[][DbMigrations] 106/148 #103010 'Create table 'rule_impact_changes''...
2024.11.23 15:23:56 INFO  web[][DbMigrations] 106/148 #103010 'Create table 'rule_impact_changes'': success | time=8ms
2024.11.23 15:23:56 INFO  web[][DbMigrations] 107/148 #103011 'Create index for 'rule_impact_changes''...
2024.11.23 15:23:56 INFO  web[][DbMigrations] 107/148 #103011 'Create index for 'rule_impact_changes'': success | time=11ms
2024.11.23 15:23:56 INFO  web[][DbMigrations] 108/148 #103012 'Add 'sq_version' column in 'qprofile_changes' table'...
2024.11.23 15:23:56 INFO  web[][DbMigrations] 108/148 #103012 'Add 'sq_version' column in 'qprofile_changes' table': success | time=6ms
2024.11.23 15:23:56 INFO  web[][DbMigrations] 109/148 #103013 'Deduplicate potential records in 'properties' table'...
2024.11.23 15:23:56 INFO  web[][DbMigrations] 109/148 #103013 'Deduplicate potential records in 'properties' table': success | time=4ms
2024.11.23 15:23:56 INFO  web[][DbMigrations] 110/148 #103014 'Create unique index to 'properties' table'...
2024.11.23 15:23:56 INFO  web[][DbMigrations] 110/148 #103014 'Create unique index to 'properties' table': success | time=12ms
2024.11.23 15:23:56 INFO  web[][DbMigrations] 111/148 #104000 'Delete redundant Failed Alerts for Applications'...
2024.11.23 15:23:56 INFO  web[][o.s.s.p.d.m.s.MassUpdate] 0 rows processed (0 items/sec)
2024.11.23 15:23:56 INFO  web[][DbMigrations] 111/148 #104000 'Delete redundant Failed Alerts for Applications': success | time=8ms
2024.11.23 15:23:56 INFO  web[][DbMigrations] 112/148 #104001 'Rename metric 'wont_fix_issues' to 'accepted_issues''...
2024.11.23 15:23:56 INFO  web[][DbMigrations] 112/148 #104001 'Rename metric 'wont_fix_issues' to 'accepted_issues'': success | time=3ms
2024.11.23 15:23:56 INFO  web[][DbMigrations] 113/148 #104002 'Create table 'rules_tags''...
2024.11.23 15:23:56 INFO  web[][DbMigrations] 113/148 #104002 'Create table 'rules_tags'': success | time=14ms
2024.11.23 15:23:56 INFO  web[][DbMigrations] 114/148 #104003 'Populate 'rule_tags' table'...
2024.11.23 15:23:56 INFO  web[][DbMigrations] 114/148 #104003 'Populate 'rule_tags' table': success | time=9ms
2024.11.23 15:23:56 INFO  web[][DbMigrations] 115/148 #104004 'Drop column 'tags' in the 'rules' table'...
2024.11.23 15:23:56 INFO  web[][DbMigrations] 115/148 #104004 'Drop column 'tags' in the 'rules' table': success | time=6ms
2024.11.23 15:23:56 INFO  web[][DbMigrations] 116/148 #104005 'Drop column 'system_tags' in the 'rules' table'...
2024.11.23 15:23:56 INFO  web[][DbMigrations] 116/148 #104005 'Drop column 'system_tags' in the 'rules' table': success | time=9ms
2024.11.23 15:23:56 INFO  web[][DbMigrations] 117/148 #104006 'Add 'uuid' column to 'groups_users''...
2024.11.23 15:23:56 INFO  web[][DbMigrations] 117/148 #104006 'Add 'uuid' column to 'groups_users'': success | time=10ms
2024.11.23 15:23:56 INFO  web[][DbMigrations] 118/148 #104007 'Populate 'uuid' column in 'groups_users''...
2024.11.23 15:23:56 INFO  web[][o.s.s.p.d.m.s.MassUpdate] 2 rows processed (0 items/sec)
2024.11.23 15:23:56 INFO  web[][DbMigrations] 118/148 #104007 'Populate 'uuid' column in 'groups_users'': success | time=37ms
2024.11.23 15:23:56 INFO  web[][DbMigrations] 119/148 #104008 'Make 'uuid' column in 'groups_users' table non-nullable'...
2024.11.23 15:23:56 INFO  web[][DbMigrations] 119/148 #104008 'Make 'uuid' column in 'groups_users' table non-nullable': success | time=5ms
2024.11.23 15:23:56 INFO  web[][DbMigrations] 120/148 #104009 'Create primary key on 'groups_users.uuid''...
2024.11.23 15:23:56 INFO  web[][DbMigrations] 120/148 #104009 'Create primary key on 'groups_users.uuid'': success | time=22ms
2024.11.23 15:23:56 INFO  web[][DbMigrations] 121/148 #104010 'Set nulls in 'clean_code_attribute' column of 'rules' table for security hotspots'...
2024.11.23 15:23:56 INFO  web[][o.s.s.p.d.m.s.MassUpdate] 0 rows processed (0 items/sec)
2024.11.23 15:23:56 INFO  web[][DbMigrations] 121/148 #104010 'Set nulls in 'clean_code_attribute' column of 'rules' table for security hotspots': success | time=5ms
2024.11.23 15:23:56 INFO  web[][DbMigrations] 122/148 #104011 'Create 'issues_fixed' table'...
2024.11.23 15:23:56 INFO  web[][DbMigrations] 122/148 #104011 'Create 'issues_fixed' table': success | time=14ms
2024.11.23 15:23:56 INFO  web[][DbMigrations] 123/148 #105000 'Drop constraint on 'uuid' from 'issues_impacts' table'...
2024.11.23 15:23:56 INFO  web[][DbMigrations] 123/148 #105000 'Drop constraint on 'uuid' from 'issues_impacts' table': success | time=20ms
2024.11.23 15:23:56 INFO  web[][DbMigrations] 124/148 #105001 'Drop constraint on 'uuid' from 'rules_default_impacts' table'...
2024.11.23 15:23:56 INFO  web[][DbMigrations] 124/148 #105001 'Drop constraint on 'uuid' from 'rules_default_impacts' table': success | time=12ms
2024.11.23 15:23:56 INFO  web[][DbMigrations] 125/148 #105002 'Drop column 'uuid' from 'issues_impacts' table'...
2024.11.23 15:23:56 INFO  web[][DbMigrations] 125/148 #105002 'Drop column 'uuid' from 'issues_impacts' table': success | time=5ms
2024.11.23 15:23:56 INFO  web[][DbMigrations] 126/148 #105003 'Drop column 'uuid' from 'rules_default_impacts' table'...
2024.11.23 15:23:56 INFO  web[][DbMigrations] 126/148 #105003 'Drop column 'uuid' from 'rules_default_impacts' table': success | time=6ms
2024.11.23 15:23:56 INFO  web[][DbMigrations] 127/148 #105004 'Create primary key on 'issues_impacts' table'...
2024.11.23 15:23:56 INFO  web[][DbMigrations] 127/148 #105004 'Create primary key on 'issues_impacts' table': success | time=9ms
2024.11.23 15:23:56 INFO  web[][DbMigrations] 128/148 #105005 'Create primary key on 'rules_default_impacts' table'...
2024.11.23 15:23:56 INFO  web[][DbMigrations] 128/148 #105005 'Create primary key on 'rules_default_impacts' table': success | time=8ms
2024.11.23 15:23:56 INFO  web[][DbMigrations] 129/148 #105006 'Delete 'languageSpecificParameters' property set from 'properties' table'...
2024.11.23 15:23:56 INFO  web[][DbMigrations] 129/148 #105006 'Delete 'languageSpecificParameters' property set from 'properties' table': success | time=5ms
2024.11.23 15:23:56 INFO  web[][DbMigrations] 130/148 #106000 'Add 'prioritized_rule' column to 'issues' table'...
2024.11.23 15:23:56 INFO  web[][DbMigrations] 130/148 #106000 'Add 'prioritized_rule' column to 'issues' table': success | time=8ms
2024.11.23 15:23:56 INFO  web[][DbMigrations] 131/148 #106001 'Add 'prioritized_rule' column to 'active_rules' table'...
2024.11.23 15:23:56 INFO  web[][DbMigrations] 131/148 #106001 'Add 'prioritized_rule' column to 'active_rules' table': success | time=9ms
2024.11.23 15:23:56 INFO  web[][DbMigrations] 132/148 #106002 'Ensure 'value' column is resized to 400 in 'rule_tags' table'...
2024.11.23 15:23:56 INFO  web[][DbMigrations] 132/148 #106002 'Ensure 'value' column is resized to 400 in 'rule_tags' table': success | time=5ms
2024.11.23 15:23:56 INFO  web[][DbMigrations] 133/148 #107000 'Create 'telemetry_metrics_sent' table'...
2024.11.23 15:23:56 INFO  web[][DbMigrations] 133/148 #107000 'Create 'telemetry_metrics_sent' table': success | time=15ms
2024.11.23 15:23:56 INFO  web[][DbMigrations] 134/148 #107001 'sonar.auth.gitlab.userConsentForPermissionProvisioningRequired'...
2024.11.23 15:23:56 INFO  web[][DbMigrations] 134/148 #107001 'sonar.auth.gitlab.userConsentForPermissionProvisioningRequired': success | time=5ms
2024.11.23 15:23:56 INFO  web[][DbMigrations] 135/148 #107002 'Migrate SMTP configuration into internal_properties'...
2024.11.23 15:23:56 INFO  web[][DbMigrations] 135/148 #107002 'Migrate SMTP configuration into internal_properties': success | time=4ms
2024.11.23 15:23:56 INFO  web[][DbMigrations] 136/148 #107003 'Drop 'github_perms_mapping' table if exists and 'devops_perms_mapping' table exists'...
2024.11.23 15:23:56 INFO  web[][DbMigrations] 136/148 #107003 'Drop 'github_perms_mapping' table if exists and 'devops_perms_mapping' table exists': success | time=5ms
2024.11.23 15:23:56 INFO  web[][DbMigrations] 137/148 #107004 'Rename 'github_perms_mapping' table to 'devops_perms_mapping''...
2024.11.23 15:23:56 INFO  web[][DbMigrations] 137/148 #107004 'Rename 'github_perms_mapping' table to 'devops_perms_mapping'': success | time=6ms
2024.11.23 15:23:56 INFO  web[][DbMigrations] 138/148 #107005 'Rename 'github_role' column to 'devops_platform_role' in devops_perms_mapping'...
2024.11.23 15:23:56 INFO  web[][DbMigrations] 138/148 #107005 'Rename 'github_role' column to 'devops_platform_role' in devops_perms_mapping': success | time=12ms
2024.11.23 15:23:56 INFO  web[][DbMigrations] 139/148 #107006 'Add 'devops_platform' column to 'devops_perms_mapping' table'...
2024.11.23 15:23:56 INFO  web[][DbMigrations] 139/148 #107006 'Add 'devops_platform' column to 'devops_perms_mapping' table': success | time=10ms
2024.11.23 15:23:56 INFO  web[][DbMigrations] 140/148 #107007 'Drop constraint on 'uuid' for 'devops_perms_mapping' table'...
2024.11.23 15:23:56 INFO  web[][DbMigrations] 140/148 #107007 'Drop constraint on 'uuid' for 'devops_perms_mapping' table': success | time=16ms
2024.11.23 15:23:56 INFO  web[][DbMigrations] 141/148 #107008 'Create primary key on 'devops_perms_mapping.uuid''...
2024.11.23 15:23:56 INFO  web[][DbMigrations] 141/148 #107008 'Create primary key on 'devops_perms_mapping.uuid'': success | time=12ms
2024.11.23 15:23:56 INFO  web[][DbMigrations] 142/148 #107009 'Drop index 'uniq_github_perm_mappings' in the 'devops_perms_mapping' table'...
2024.11.23 15:23:56 INFO  web[][DbMigrations] 142/148 #107009 'Drop index 'uniq_github_perm_mappings' in the 'devops_perms_mapping' table': success | time=14ms
2024.11.23 15:23:56 INFO  web[][DbMigrations] 143/148 #107010 'Create uniq index on 'devops_perms_mapping' table for columns 'devops_platform_role', 'sonarqube_permission' and 'devops_platform''...
2024.11.23 15:23:56 INFO  web[][DbMigrations] 143/148 #107010 'Create uniq index on 'devops_perms_mapping' table for columns 'devops_platform_role', 'sonarqube_permission' and 'devops_platform'': success | time=14ms
2024.11.23 15:23:56 INFO  web[][DbMigrations] 144/148 #107011 'Add default permissions for GitLab in 'devops_perms_mapping''...
2024.11.23 15:23:56 INFO  web[][DbMigrations] 144/148 #107011 'Add default permissions for GitLab in 'devops_perms_mapping'': success | time=20ms
2024.11.23 15:23:56 INFO  web[][DbMigrations] 145/148 #107012 'Create 'cves' table'...
2024.11.23 15:23:57 INFO  web[][DbMigrations] 145/148 #107012 'Create 'cves' table': success | time=28ms
2024.11.23 15:23:57 INFO  web[][DbMigrations] 146/148 #107013 'Create 'cve_cwe' table'...
2024.11.23 15:23:57 INFO  web[][DbMigrations] 146/148 #107013 'Create 'cve_cwe' table': success | time=15ms
2024.11.23 15:23:57 INFO  web[][DbMigrations] 147/148 #107014 'Create 'issues_dependency' table'...
2024.11.23 15:23:57 INFO  web[][DbMigrations] 147/148 #107014 'Create 'issues_dependency' table': success | time=18ms
2024.11.23 15:23:57 INFO  web[][DbMigrations] 148/148 #107015 'Add 'ai_code_assurance' column to 'projects' table'...
2024.11.23 15:23:57 INFO  web[][DbMigrations] 148/148 #107015 'Add 'ai_code_assurance' column to 'projects' table': success | time=10ms
2024.11.23 15:23:57 INFO  web[][DbMigrations] Executed 148/148 DB migrations: success | time=3617ms
2024.11.23 15:23:57 INFO  web[][o.s.s.p.Platform] Database has been automatically updated
2024.11.23 15:23:57 INFO  web[][o.s.s.p.w.MasterServletFilter] Initializing servlet filter org.sonar.server.platform.web.WebServiceFilter@682618e5 [pattern=UrlPattern{inclusions=[/api/system/migrate_db.*, ...], exclusions=[/api/components/update_key, ...]}]
2024.11.23 15:23:57 INFO  web[][o.s.s.p.DetectPluginChange] Detect plugin changes
2024.11.23 15:23:58 INFO  web[][o.h.v.i.util.Version] HV000001: Hibernate Validator null
2024.11.23 15:23:58 INFO  web[][o.s.s.e.IndexCreator] Create index [metadatas]
2024.11.23 15:24:58 INFO  web[][o.s.s.e.IndexCreator] Create mapping metadatas
2024.11.23 15:25:29 WARN  web[][o.s.c.a.AnnotationConfigApplicationContext] Exception encountered during context initialization - cancelling refresh attempt: org.springframework.beans.factory.BeanCreationException: Error creating bean with name 'jdk.internal.loader.ClassLoaders$AppClassLoader@f316aeb-org.sonar.server.es.IndexCreator': Initialization of bean failed; nested exception is org.sonar.server.es.ElasticsearchException: Fail to execute es requestES get request for key 'dbVendor' on index 'metadatas'
2024.11.23 15:25:29 ERROR web[][o.s.s.p.Platform] Background initialization failed. Stopping SonarQube
org.springframework.beans.factory.BeanCreationException: Error creating bean with name 'jdk.internal.loader.ClassLoaders$AppClassLoader@f316aeb-org.sonar.server.es.IndexCreator': Initialization of bean failed; nested exception is org.sonar.server.es.ElasticsearchException: Fail to execute es requestES get request for key 'dbVendor' on index 'metadatas'
	at org.springframework.beans.factory.support.AbstractAutowireCapableBeanFactory.doCreateBean(AbstractAutowireCapableBeanFactory.java:628)
	at org.springframework.beans.factory.support.AbstractAutowireCapableBeanFactory.createBean(AbstractAutowireCapableBeanFactory.java:542)
	at org.springframework.beans.factory.support.AbstractBeanFactory.lambda$doGetBean$0(AbstractBeanFactory.java:336)
	at org.springframework.beans.factory.support.DefaultSingletonBeanRegistry.getSingleton(DefaultSingletonBeanRegistry.java:234)
	at org.springframework.beans.factory.support.AbstractBeanFactory.doGetBean(AbstractBeanFactory.java:334)
	at org.springframework.beans.factory.support.AbstractBeanFactory.getBean(AbstractBeanFactory.java:209)
	at org.springframework.beans.factory.support.DefaultListableBeanFactory.preInstantiateSingletons(DefaultListableBeanFactory.java:955)
	at org.springframework.context.support.AbstractApplicationContext.finishBeanFactoryInitialization(AbstractApplicationContext.java:932)
	at org.springframework.context.support.AbstractApplicationContext.refresh(AbstractApplicationContext.java:591)
	at org.sonar.core.platform.SpringComponentContainer.startComponents(SpringComponentContainer.java:225)
	at org.sonar.server.platform.platformlevel.PlatformLevel.start(PlatformLevel.java:80)
	at org.sonar.server.platform.platformlevel.PlatformLevel4.start(PlatformLevel4.java:733)
	at org.sonar.server.platform.PlatformImpl.start(PlatformImpl.java:214)
	at org.sonar.server.platform.PlatformImpl.startLevel34Containers(PlatformImpl.java:194)
	at org.sonar.server.platform.PlatformImpl$AutoStarterRunnable.runIfNotAborted(PlatformImpl.java:362)
	at org.sonar.server.platform.PlatformImpl$1.doRun(PlatformImpl.java:113)
	at org.sonar.server.platform.PlatformImpl$AutoStarterRunnable.run(PlatformImpl.java:346)
	at java.base/java.lang.Thread.run(Unknown Source)
Caused by: org.sonar.server.es.ElasticsearchException: Fail to execute es requestES get request for key 'dbVendor' on index 'metadatas'
	at org.sonar.server.es.EsClient.execute(EsClient.java:336)
	at org.sonar.server.es.EsClient.get(EsClient.java:182)
	at org.sonar.server.es.metadata.MetadataIndexImpl.getMetadata(MetadataIndexImpl.java:92)
	at org.sonar.server.es.metadata.MetadataIndexImpl.getDbVendor(MetadataIndexImpl.java:83)
	at org.sonar.server.es.metadata.EsDbCompatibilityImpl.hasSameDbVendor(EsDbCompatibilityImpl.java:37)
	at org.sonar.server.es.metadata.EsDbCompatibilityImpl.markAsCompatible(EsDbCompatibilityImpl.java:43)
	at org.sonar.server.es.IndexCreator.checkDbCompatibility(IndexCreator.java:191)
	at org.sonar.server.es.IndexCreator.start(IndexCreator.java:87)
	at org.sonar.core.platform.StartableBeanPostProcessor.postProcessBeforeInitialization(StartableBeanPostProcessor.java:33)
	at org.springframework.beans.factory.support.AbstractAutowireCapableBeanFactory.applyBeanPostProcessorsBeforeInitialization(AbstractAutowireCapableBeanFactory.java:440)
	at org.springframework.beans.factory.support.AbstractAutowireCapableBeanFactory.initializeBean(AbstractAutowireCapableBeanFactory.java:1796)
	at org.springframework.beans.factory.support.AbstractAutowireCapableBeanFactory.doCreateBean(AbstractAutowireCapableBeanFactory.java:620)
	... 17 common frames omitted
Caused by: org.elasticsearch.ElasticsearchStatusException: Elasticsearch exception [type=no_shard_available_action_exception, reason=No shard available for [get [metadatas][dbVendor]: routing [null]]]
	at org.elasticsearch.rest.BytesRestResponse.errorFromXContent(BytesRestResponse.java:178)
	at org.elasticsearch.client.RestHighLevelClient.parseEntity(RestHighLevelClient.java:2484)
	at org.elasticsearch.client.RestHighLevelClient.parseResponseException(RestHighLevelClient.java:2461)
	at org.elasticsearch.client.RestHighLevelClient.internalPerformRequest(RestHighLevelClient.java:2184)
	at org.elasticsearch.client.RestHighLevelClient.performRequest(RestHighLevelClient.java:2137)
	at org.elasticsearch.client.RestHighLevelClient.performRequestAndParseEntity(RestHighLevelClient.java:2105)
	at org.elasticsearch.client.RestHighLevelClient.get(RestHighLevelClient.java:986)
	at org.sonar.server.es.EsClient.lambda$get$17(EsClient.java:182)
	at org.sonar.server.es.EsClient.execute(EsClient.java:334)
	... 28 common frames omitted
	Suppressed: org.elasticsearch.client.ResponseException: method [GET], host [http://localhost:9001], URI [/metadatas/_doc/dbVendor?stored_fields=value], status line [HTTP/1.1 503 Service Unavailable]
{"error":{"root_cause":[{"type":"no_shard_available_action_exception","reason":"No shard available for [get [metadatas][dbVendor]: routing [null]]"}],"type":"no_shard_available_action_exception","reason":"No shard available for [get [metadatas][dbVendor]: routing [null]]"},"status":503}
		at org.elasticsearch.client.RestClient.convertResponse(RestClient.java:347)
		at org.elasticsearch.client.RestClient.performRequest(RestClient.java:313)
		at org.elasticsearch.client.RestClient.performRequest(RestClient.java:288)
		at org.elasticsearch.client.RestHighLevelClient.performClientRequest(RestHighLevelClient.java:2699)
		at org.elasticsearch.client.RestHighLevelClient.internalPerformRequest(RestHighLevelClient.java:2171)
		... 33 common frames omitted
2024.11.23 15:25:29 INFO  web[][o.s.p.ProcessEntryPoint] Hard stopping process
2024.11.23 15:25:29 INFO  web[][c.z.h.HikariDataSource] HikariPool-1 - Shutdown initiated...
2024.11.23 15:25:29 INFO  web[][c.z.h.HikariDataSource] HikariPool-1 - Shutdown completed.
2024.11.23 16:33:57 INFO  web[][o.s.p.ProcessEntryPoint] Starting Web Server
2024.11.23 16:33:57 INFO  web[][o.s.s.a.TomcatHttpConnectorFactory] Starting Tomcat on port 9000
2024.11.23 16:33:58 INFO  web[][o.s.s.p.LogServerVersion] SonarQube Server / 10.7.0.96327 / 923a7aad28f71dce1686768b3ad7c4b1bb962f8d
2024.11.23 16:33:58 INFO  web[][o.s.d.DefaultDatabase] Create JDBC data source for jdbc:postgresql://db:5432/sonar
2024.11.23 16:33:58 INFO  web[][c.z.h.HikariDataSource] HikariPool-1 - Starting...
2024.11.23 16:33:58 INFO  web[][c.z.h.p.HikariPool] HikariPool-1 - Added connection org.postgresql.jdbc.PgConnection@21719a0
2024.11.23 16:33:58 INFO  web[][c.z.h.HikariDataSource] HikariPool-1 - Start completed.
2024.11.23 16:33:59 INFO  web[][o.s.s.p.ServerFileSystemImpl] SonarQube home: /opt/sonarqube
2024.11.23 16:33:59 INFO  web[][o.s.s.u.SystemPasscodeImpl] System authentication by passcode is disabled
2024.11.23 16:33:59 INFO  web[][o.s.s.p.ServerPluginManager] Deploy C# Code Quality and Security / 9.32.0.97167 / cc0ba76c09677fe094621d35ab0c408bd1215aaa
2024.11.23 16:33:59 INFO  web[][o.s.s.p.ServerPluginManager] Deploy Clean as You Code / 2.4.0.2018 / c2f7910f6ecac6faa73001eeac4bd79a2db98cd3
2024.11.23 16:33:59 INFO  web[][o.s.s.p.ServerPluginManager] Deploy Flex Code Quality and Security / 2.12.0.4568 / e8b2821a05db57b79b8ae85e3db1571f5b744273
2024.11.23 16:33:59 INFO  web[][o.s.s.p.ServerPluginManager] Deploy Go Code Quality and Security / 1.17.1.145 / 9361aec32c690949f436d992e2cdab0c8474faa1
2024.11.23 16:33:59 INFO  web[][o.s.s.p.ServerPluginManager] Deploy HTML Code Quality and Security / 3.16.0.5274 / 423029a90fcbbd65b86d3b4e9c3e4bc686449a75
2024.11.23 16:33:59 INFO  web[][o.s.s.p.ServerPluginManager] Deploy IaC Code Quality and Security / 1.36.0.12431 / null
2024.11.23 16:33:59 INFO  web[][o.s.s.p.ServerPluginManager] Deploy JaCoCo / 1.3.0.1538 / 74a7798c7cea687c72ed9df40c93eb7ea2a58c49
2024.11.23 16:33:59 INFO  web[][o.s.s.p.ServerPluginManager] Deploy Java Advanced Code Quality Analyzer / 8.2.0.36672 / 62f908723e8d3d071378116ab09b075933d8bf63
2024.11.23 16:33:59 INFO  web[][o.s.s.p.ServerPluginManager] Deploy Java Code Quality and Security / 8.2.0.36672 / 62f908723e8d3d071378116ab09b075933d8bf63
2024.11.23 16:33:59 INFO  web[][o.s.s.p.ServerPluginManager] Deploy JavaScript/TypeScript/CSS Code Quality and Security / 10.16.0.27621 / 49be78091aeac33f18bf0d8a0a88ec58b437cba8
2024.11.23 16:33:59 INFO  web[][o.s.s.p.ServerPluginManager] Deploy Kotlin Code Quality and Security / 2.20.0.4382 / eb22cc4ed915de84e358135dd3f2ea2080de1441
2024.11.23 16:33:59 INFO  web[][o.s.s.p.ServerPluginManager] Deploy PHP Code Quality and Security / 3.38.0.12239 / 279677ad6708471575fb0b54b43d16084903bdf2
2024.11.23 16:33:59 INFO  web[][o.s.s.p.ServerPluginManager] Deploy Python Code Quality and Security / 4.22.0.16914 / 9e24dce6ea3e7b10fc2cf3942dc0a921049c5355
2024.11.23 16:33:59 INFO  web[][o.s.s.p.ServerPluginManager] Deploy Ruby Code Quality and Security / 1.17.1.134 / d58bcbdc7aae6e6d287f2b41972c5a1bba078a83
2024.11.23 16:33:59 INFO  web[][o.s.s.p.ServerPluginManager] Deploy Scala Code Quality and Security / 1.17.1.166 / 6153bdc7bf9bce07f2ac71be3aee633b9fd0bcb9
2024.11.23 16:33:59 INFO  web[][o.s.s.p.ServerPluginManager] Deploy Text Code Quality and Security / 2.16.0.4008 / null
2024.11.23 16:33:59 INFO  web[][o.s.s.p.ServerPluginManager] Deploy VB.NET Code Quality and Security / 9.32.0.97167 / cc0ba76c09677fe094621d35ab0c408bd1215aaa
2024.11.23 16:33:59 INFO  web[][o.s.s.p.ServerPluginManager] Deploy XML Code Quality and Security / 2.10.0.4108 / 34b16ba369117f6befc0b1e0866a069a80f6db2e
2024.11.23 16:34:03 INFO  web[][o.s.s.p.d.m.c.PostgresCharsetHandler] Verify that database charset supports UTF8
2024.11.23 16:34:03 INFO  web[][o.s.s.e.EsClientProvider] Connected to local Elasticsearch: [http://localhost:9001]
2024.11.23 16:34:03 INFO  web[][o.s.s.p.w.MasterServletFilter] Initializing servlet filter org.sonar.server.platform.web.WebServiceFilter@216c22ce [pattern=UrlPattern{inclusions=[/api/system/migrate_db.*, ...], exclusions=[/api/components/update_key, ...]}]
2024.11.23 16:34:03 INFO  web[][o.s.s.p.DetectPluginChange] Detect plugin changes
2024.11.23 16:34:04 INFO  web[][o.h.v.i.util.Version] HV000001: Hibernate Validator null
2024.11.23 16:34:05 WARN  web[][o.s.c.a.AnnotationConfigApplicationContext] Exception encountered during context initialization - cancelling refresh attempt: org.springframework.beans.factory.BeanCreationException: Error creating bean with name 'jdk.internal.loader.ClassLoaders$AppClassLoader@22295ec4-org.sonar.server.es.IndexCreator': Initialization of bean failed; nested exception is org.sonar.server.es.ElasticsearchException: Fail to execute es requestES get request for key 'dbVendor' on index 'metadatas'
2024.11.23 16:34:05 ERROR web[][o.s.s.p.Platform] Background initialization failed. Stopping SonarQube
org.springframework.beans.factory.BeanCreationException: Error creating bean with name 'jdk.internal.loader.ClassLoaders$AppClassLoader@22295ec4-org.sonar.server.es.IndexCreator': Initialization of bean failed; nested exception is org.sonar.server.es.ElasticsearchException: Fail to execute es requestES get request for key 'dbVendor' on index 'metadatas'
	at org.springframework.beans.factory.support.AbstractAutowireCapableBeanFactory.doCreateBean(AbstractAutowireCapableBeanFactory.java:628)
	at org.springframework.beans.factory.support.AbstractAutowireCapableBeanFactory.createBean(AbstractAutowireCapableBeanFactory.java:542)
	at org.springframework.beans.factory.support.AbstractBeanFactory.lambda$doGetBean$0(AbstractBeanFactory.java:336)
	at org.springframework.beans.factory.support.DefaultSingletonBeanRegistry.getSingleton(DefaultSingletonBeanRegistry.java:234)
	at org.springframework.beans.factory.support.AbstractBeanFactory.doGetBean(AbstractBeanFactory.java:334)
	at org.springframework.beans.factory.support.AbstractBeanFactory.getBean(AbstractBeanFactory.java:209)
	at org.springframework.beans.factory.support.DefaultListableBeanFactory.preInstantiateSingletons(DefaultListableBeanFactory.java:955)
	at org.springframework.context.support.AbstractApplicationContext.finishBeanFactoryInitialization(AbstractApplicationContext.java:932)
	at org.springframework.context.support.AbstractApplicationContext.refresh(AbstractApplicationContext.java:591)
	at org.sonar.core.platform.SpringComponentContainer.startComponents(SpringComponentContainer.java:225)
	at org.sonar.server.platform.platformlevel.PlatformLevel.start(PlatformLevel.java:80)
	at org.sonar.server.platform.platformlevel.PlatformLevel4.start(PlatformLevel4.java:733)
	at org.sonar.server.platform.PlatformImpl.start(PlatformImpl.java:214)
	at org.sonar.server.platform.PlatformImpl.startLevel34Containers(PlatformImpl.java:194)
	at org.sonar.server.platform.PlatformImpl$AutoStarterRunnable.runIfNotAborted(PlatformImpl.java:362)
	at org.sonar.server.platform.PlatformImpl$1.doRun(PlatformImpl.java:113)
	at org.sonar.server.platform.PlatformImpl$AutoStarterRunnable.run(PlatformImpl.java:346)
	at java.base/java.lang.Thread.run(Unknown Source)
Caused by: org.sonar.server.es.ElasticsearchException: Fail to execute es requestES get request for key 'dbVendor' on index 'metadatas'
	at org.sonar.server.es.EsClient.execute(EsClient.java:336)
	at org.sonar.server.es.EsClient.get(EsClient.java:182)
	at org.sonar.server.es.metadata.MetadataIndexImpl.getMetadata(MetadataIndexImpl.java:92)
	at org.sonar.server.es.metadata.MetadataIndexImpl.getDbVendor(MetadataIndexImpl.java:83)
	at org.sonar.server.es.metadata.EsDbCompatibilityImpl.hasSameDbVendor(EsDbCompatibilityImpl.java:37)
	at org.sonar.server.es.metadata.EsDbCompatibilityImpl.markAsCompatible(EsDbCompatibilityImpl.java:43)
	at org.sonar.server.es.IndexCreator.checkDbCompatibility(IndexCreator.java:191)
	at org.sonar.server.es.IndexCreator.start(IndexCreator.java:87)
	at org.sonar.core.platform.StartableBeanPostProcessor.postProcessBeforeInitialization(StartableBeanPostProcessor.java:33)
	at org.springframework.beans.factory.support.AbstractAutowireCapableBeanFactory.applyBeanPostProcessorsBeforeInitialization(AbstractAutowireCapableBeanFactory.java:440)
	at org.springframework.beans.factory.support.AbstractAutowireCapableBeanFactory.initializeBean(AbstractAutowireCapableBeanFactory.java:1796)
	at org.springframework.beans.factory.support.AbstractAutowireCapableBeanFactory.doCreateBean(AbstractAutowireCapableBeanFactory.java:620)
	... 17 common frames omitted
Caused by: org.elasticsearch.ElasticsearchStatusException: Elasticsearch exception [type=no_shard_available_action_exception, reason=No shard available for [get [metadatas][dbVendor]: routing [null]]]
	at org.elasticsearch.rest.BytesRestResponse.errorFromXContent(BytesRestResponse.java:178)
	at org.elasticsearch.client.RestHighLevelClient.parseEntity(RestHighLevelClient.java:2484)
	at org.elasticsearch.client.RestHighLevelClient.parseResponseException(RestHighLevelClient.java:2461)
	at org.elasticsearch.client.RestHighLevelClient.internalPerformRequest(RestHighLevelClient.java:2184)
	at org.elasticsearch.client.RestHighLevelClient.performRequest(RestHighLevelClient.java:2137)
	at org.elasticsearch.client.RestHighLevelClient.performRequestAndParseEntity(RestHighLevelClient.java:2105)
	at org.elasticsearch.client.RestHighLevelClient.get(RestHighLevelClient.java:986)
	at org.sonar.server.es.EsClient.lambda$get$17(EsClient.java:182)
	at org.sonar.server.es.EsClient.execute(EsClient.java:334)
	... 28 common frames omitted
	Suppressed: org.elasticsearch.client.ResponseException: method [GET], host [http://localhost:9001], URI [/metadatas/_doc/dbVendor?stored_fields=value], status line [HTTP/1.1 503 Service Unavailable]
{"error":{"root_cause":[{"type":"no_shard_available_action_exception","reason":"No shard available for [get [metadatas][dbVendor]: routing [null]]"}],"type":"no_shard_available_action_exception","reason":"No shard available for [get [metadatas][dbVendor]: routing [null]]"},"status":503}
		at org.elasticsearch.client.RestClient.convertResponse(RestClient.java:347)
		at org.elasticsearch.client.RestClient.performRequest(RestClient.java:313)
		at org.elasticsearch.client.RestClient.performRequest(RestClient.java:288)
		at org.elasticsearch.client.RestHighLevelClient.performClientRequest(RestHighLevelClient.java:2699)
		at org.elasticsearch.client.RestHighLevelClient.internalPerformRequest(RestHighLevelClient.java:2171)
		... 33 common frames omitted
2024.11.23 16:34:05 INFO  web[][o.s.p.ProcessEntryPoint] Hard stopping process
2024.11.23 16:34:05 INFO  web[][c.z.h.HikariDataSource] HikariPool-1 - Shutdown initiated...
2024.11.23 16:34:05 INFO  web[][c.z.h.HikariDataSource] HikariPool-1 - Shutdown completed.
